<?xml version="1.0" encoding="UTF-8"?>
<testng-results ignored="0" total="2" passed="2" failed="0" skipped="0">
  <reporter-output>
  </reporter-output>
  <suite started-at="2024-12-03T13:15:34 IST" name="Cw-suite" finished-at="2024-12-03T13:16:57 IST" duration-ms="82502">
    <groups>
    </groups>
    <test started-at="2024-12-03T13:15:34 IST" name="Cw-purchase header" finished-at="2024-12-03T13:15:59 IST" duration-ms="24373">
      <class name="testcases.Cwtest">
        <test-method is-config="true" signature="cwlo()[pri:0, instance:testcases.Cwtest@5b1669c0]" started-at="2024-12-03T13:15:34 IST" name="cwlo" finished-at="2024-12-03T13:15:38 IST" duration-ms="3586" status="PASS">
          <reporter-output>
          </reporter-output>
        </test-method> <!-- cwlo -->
        <test-method signature="cw()[pri:0, instance:testcases.Cwtest@5b1669c0]" started-at="2024-12-03T13:15:38 IST" name="cw" finished-at="2024-12-03T13:15:52 IST" duration-ms="14095" status="PASS">
          <reporter-output>
          </reporter-output>
        </test-method> <!-- cw -->
        <test-method is-config="true" signature="cwlou()[pri:0, instance:testcases.Cwtest@5b1669c0]" started-at="2024-12-03T13:15:52 IST" name="cwlou" finished-at="2024-12-03T13:15:59 IST" duration-ms="6611" status="PASS">
          <reporter-output>
          </reporter-output>
        </test-method> <!-- cwlou -->
      </class> <!-- testcases.Cwtest -->
    </test> <!-- Cw-purchase header -->
    <test started-at="2024-12-03T13:15:59 IST" name="Cw-sales order" finished-at="2024-12-03T13:16:57 IST" duration-ms="58025">
      <class name="testcases.Cwtest1">
        <test-method is-config="true" signature="launch()[pri:0, instance:testcases.Cwtest1@3ba987b8]" started-at="2024-12-03T13:15:28 IST" name="launch" finished-at="2024-12-03T13:15:34 IST" duration-ms="6292" status="PASS">
          <reporter-output>
          </reporter-output>
        </test-method> <!-- launch -->
        <test-method is-config="true" signature="cwlo()[pri:0, instance:testcases.Cwtest1@3ba987b8]" started-at="2024-12-03T13:15:59 IST" name="cwlo" finished-at="2024-12-03T13:16:02 IST" duration-ms="3395" status="PASS">
          <reporter-output>
          </reporter-output>
        </test-method> <!-- cwlo -->
        <test-method signature="so()[pri:0, instance:testcases.Cwtest1@3ba987b8]" started-at="2024-12-03T13:16:02 IST" name="so" finished-at="2024-12-03T13:16:53 IST" duration-ms="50936" status="PASS">
          <reporter-output>
          </reporter-output>
        </test-method> <!-- so -->
        <test-method is-config="true" signature="cwlou()[pri:0, instance:testcases.Cwtest1@3ba987b8]" started-at="2024-12-03T13:16:53 IST" name="cwlou" finished-at="2024-12-03T13:16:57 IST" duration-ms="3690" status="PASS">
          <reporter-output>
          </reporter-output>
        </test-method> <!-- cwlou -->
        <test-method is-config="true" signature="close()[pri:0, instance:testcases.Cwtest1@3ba987b8]" started-at="2024-12-03T13:16:57 IST" name="close" finished-at="2024-12-03T13:16:57 IST" duration-ms="230" status="PASS">
          <reporter-output>
          </reporter-output>
        </test-method> <!-- close -->
      </class> <!-- testcases.Cwtest1 -->
    </test> <!-- Cw-sales order -->
  </suite> <!-- Cw-suite -->
</testng-results>
